[07-Feb-2018 23:00:00 UTC] PHP Parse error:  syntax error, unexpected 'rand' (T_STRING), expecting ',' or ';' in /home/ubuntu/workspace/dsahuri-336/practice/randomColor.php on line 20
[07-Feb-2018 23:00:00 UTC] PHP Parse error:  syntax error, unexpected 'rand' (T_STRING), expecting ',' or ';' in /home/ubuntu/workspace/dsahuri-336/practice/randomColor.php on line 20
[07-Feb-2018 23:00:00 UTC] PHP Parse error:  syntax error, unexpected 'rand' (T_STRING), expecting ',' or ';' in /home/ubuntu/workspace/dsahuri-336/practice/randomColor.php on line 20
[07-Feb-2018 23:00:00 UTC] PHP Parse error:  syntax error, unexpected 'rand' (T_STRING), expecting ',' or ';' in /home/ubuntu/workspace/dsahuri-336/practice/randomColor.php on line 20
[07-Feb-2018 23:00:01 UTC] PHP Parse error:  syntax error, unexpected 'rand' (T_STRING), expecting ',' or ';' in /home/ubuntu/workspace/dsahuri-336/practice/randomColor.php on line 20
[07-Feb-2018 23:00:01 UTC] PHP Parse error:  syntax error, unexpected 'rand' (T_STRING), expecting ',' or ';' in /home/ubuntu/workspace/dsahuri-336/practice/randomColor.php on line 20
[07-Feb-2018 23:00:02 UTC] PHP Parse error:  syntax error, unexpected 'rand' (T_STRING), expecting ',' or ';' in /home/ubuntu/workspace/dsahuri-336/practice/randomColor.php on line 20
[07-Feb-2018 23:00:33 UTC] PHP Parse error:  syntax error, unexpected 'rand' (T_STRING), expecting ',' or ';' in /home/ubuntu/workspace/dsahuri-336/practice/randomColor.php on line 20
[19-Feb-2018 23:22:26 UTC] PHP Parse error:  syntax error, unexpected 'var' (T_VAR) in /home/ubuntu/workspace/dsahuri-336/challenges/password.php on line 16
[19-Feb-2018 23:26:00 UTC] PHP Parse error:  syntax error, unexpected 'var' (T_VAR) in /home/ubuntu/workspace/dsahuri-336/challenges/password.php on line 15
[19-Feb-2018 23:26:01 UTC] PHP Parse error:  syntax error, unexpected 'var' (T_VAR) in /home/ubuntu/workspace/dsahuri-336/challenges/password.php on line 15
[19-Feb-2018 23:31:15 UTC] PHP Fatal error:  Allowed memory size of 134217728 bytes exhausted (tried to allocate 72 bytes) in /home/ubuntu/workspace/dsahuri-336/challenges/password.php on line 16
[19-Feb-2018 23:31:15 UTC] PHP Stack trace:
[19-Feb-2018 23:31:15 UTC] PHP   1. {main}() /home/ubuntu/workspace/dsahuri-336/challenges/password.php:0
[19-Feb-2018 23:31:15 UTC] PHP   2. randomPassword() /home/ubuntu/workspace/dsahuri-336/challenges/password.php:26
[19-Feb-2018 23:50:38 UTC] PHP Parse error:  syntax error, unexpected '$pass' (T_VARIABLE) in /home/ubuntu/workspace/dsahuri-336/challenges/password.php on line 12
[19-Feb-2018 23:52:37 UTC] PHP Fatal error:  Maximum execution time of 300 seconds exceeded in /home/ubuntu/workspace/dsahuri-336/challenges/password.php on line 18
[19-Feb-2018 23:52:37 UTC] PHP Stack trace:
[19-Feb-2018 23:52:37 UTC] PHP   1. {main}() /home/ubuntu/workspace/dsahuri-336/challenges/password.php:0
[19-Feb-2018 23:52:37 UTC] PHP   2. randomPassword() /home/ubuntu/workspace/dsahuri-336/challenges/password.php:29
