[21-Feb-2018 04:10:50 UTC] PHP Parse error:  syntax error, unexpected '"paper"' (T_CONSTANT_ENCAPSED_STRING), expecting ')' in /home/ubuntu/workspace/dsahuri-336/hw/hw2/index.php on line 15
[21-Feb-2018 04:14:30 UTC] PHP Parse error:  syntax error, unexpected '"paper"' (T_CONSTANT_ENCAPSED_STRING), expecting ')' in /home/ubuntu/workspace/dsahuri-336/hw/hw2/index.php on line 15
[21-Feb-2018 04:15:14 UTC] PHP Parse error:  syntax error, unexpected '"scissors"' (T_CONSTANT_ENCAPSED_STRING), expecting ')' in /home/ubuntu/workspace/dsahuri-336/hw/hw2/index.php on line 16
[21-Feb-2018 04:15:15 UTC] PHP Parse error:  syntax error, unexpected '"scissors"' (T_CONSTANT_ENCAPSED_STRING), expecting ')' in /home/ubuntu/workspace/dsahuri-336/hw/hw2/index.php on line 16
[21-Feb-2018 04:15:15 UTC] PHP Parse error:  syntax error, unexpected '"scissors"' (T_CONSTANT_ENCAPSED_STRING), expecting ')' in /home/ubuntu/workspace/dsahuri-336/hw/hw2/index.php on line 16
[21-Feb-2018 04:15:16 UTC] PHP Parse error:  syntax error, unexpected '"scissors"' (T_CONSTANT_ENCAPSED_STRING), expecting ')' in /home/ubuntu/workspace/dsahuri-336/hw/hw2/index.php on line 16
[21-Feb-2018 04:15:23 UTC] PHP Parse error:  syntax error, unexpected 'endforeach' (T_ENDFOREACH) in /home/ubuntu/workspace/dsahuri-336/hw/hw2/index.php on line 23
[21-Feb-2018 04:41:10 UTC] PHP Fatal error:  Call to undefined function display_items() in /home/ubuntu/workspace/dsahuri-336/hw/hw2/index.php on line 10
[21-Feb-2018 04:41:10 UTC] PHP Stack trace:
[21-Feb-2018 04:41:10 UTC] PHP   1. {main}() /home/ubuntu/workspace/dsahuri-336/hw/hw2/index.php:0
[21-Feb-2018 04:42:12 UTC] PHP Parse error:  syntax error, unexpected 'endforeach' (T_ENDFOREACH) in /home/ubuntu/workspace/dsahuri-336/hw/hw2/game.php on line 12
[21-Feb-2018 04:42:12 UTC] PHP Stack trace:
[21-Feb-2018 04:42:12 UTC] PHP   1. {main}() /home/ubuntu/workspace/dsahuri-336/hw/hw2/index.php:0
[21-Feb-2018 04:59:02 UTC] PHP Fatal error:  Call to undefined function display_item() in /home/ubuntu/workspace/dsahuri-336/hw/hw2/game.php on line 28
[21-Feb-2018 04:59:02 UTC] PHP Stack trace:
[21-Feb-2018 04:59:02 UTC] PHP   1. {main}() /home/ubuntu/workspace/dsahuri-336/hw/hw2/index.php:0
[21-Feb-2018 04:59:02 UTC] PHP   2. game() /home/ubuntu/workspace/dsahuri-336/hw/hw2/index.php:12
[21-Feb-2018 05:26:40 UTC] PHP Parse error:  syntax error, unexpected 'endif' (T_ENDIF), expecting ',' or ';' in /home/ubuntu/workspace/dsahuri-336/hw/hw2/game.php on line 42
[21-Feb-2018 05:26:40 UTC] PHP Stack trace:
[21-Feb-2018 05:26:40 UTC] PHP   1. {main}() /home/ubuntu/workspace/dsahuri-336/hw/hw2/index.php:0
[21-Feb-2018 05:26:49 UTC] PHP Parse error:  syntax error, unexpected 'endif' (T_ENDIF), expecting ',' or ';' in /home/ubuntu/workspace/dsahuri-336/hw/hw2/game.php on line 42
[21-Feb-2018 05:26:49 UTC] PHP Stack trace:
[21-Feb-2018 05:26:49 UTC] PHP   1. {main}() /home/ubuntu/workspace/dsahuri-336/hw/hw2/index.php:0
[21-Feb-2018 05:26:51 UTC] PHP Parse error:  syntax error, unexpected 'endif' (T_ENDIF), expecting ',' or ';' in /home/ubuntu/workspace/dsahuri-336/hw/hw2/game.php on line 42
[21-Feb-2018 05:26:51 UTC] PHP Stack trace:
[21-Feb-2018 05:26:51 UTC] PHP   1. {main}() /home/ubuntu/workspace/dsahuri-336/hw/hw2/index.php:0
[21-Feb-2018 05:49:07 UTC] PHP Fatal error:  Call to undefined function display_item() in /home/ubuntu/workspace/dsahuri-336/hw/hw2/game.php on line 48
[21-Feb-2018 05:49:07 UTC] PHP Stack trace:
[21-Feb-2018 05:49:07 UTC] PHP   1. {main}() /home/ubuntu/workspace/dsahuri-336/hw/hw2/index.php:0
[21-Feb-2018 05:49:07 UTC] PHP   2. game() /home/ubuntu/workspace/dsahuri-336/hw/hw2/index.php:12
[21-Feb-2018 05:49:07 UTC] PHP Fatal error:  Call to undefined function display_item() in /home/ubuntu/workspace/dsahuri-336/hw/hw2/game.php on line 44
[21-Feb-2018 05:49:07 UTC] PHP Stack trace:
[21-Feb-2018 05:49:07 UTC] PHP   1. {main}() /home/ubuntu/workspace/dsahuri-336/hw/hw2/index.php:0
[21-Feb-2018 05:49:07 UTC] PHP   2. game() /home/ubuntu/workspace/dsahuri-336/hw/hw2/index.php:12
[21-Feb-2018 06:01:04 UTC] PHP Parse error:  syntax error, unexpected '=', expecting '&' or variable (T_VARIABLE) in /home/ubuntu/workspace/dsahuri-336/hw/hw2/game.php on line 2
[21-Feb-2018 06:01:04 UTC] PHP Stack trace:
[21-Feb-2018 06:01:04 UTC] PHP   1. {main}() /home/ubuntu/workspace/dsahuri-336/hw/hw2/index.php:0
[21-Feb-2018 06:01:05 UTC] PHP Parse error:  syntax error, unexpected '=', expecting '&' or variable (T_VARIABLE) in /home/ubuntu/workspace/dsahuri-336/hw/hw2/game.php on line 2
[21-Feb-2018 06:01:05 UTC] PHP Stack trace:
[21-Feb-2018 06:01:05 UTC] PHP   1. {main}() /home/ubuntu/workspace/dsahuri-336/hw/hw2/index.php:0
[21-Feb-2018 06:30:52 UTC] PHP Parse error:  syntax error, unexpected ')' in /home/ubuntu/workspace/dsahuri-336/hw/hw2/game.php on line 15
[21-Feb-2018 06:30:52 UTC] PHP Stack trace:
[21-Feb-2018 06:30:52 UTC] PHP   1. {main}() /home/ubuntu/workspace/dsahuri-336/hw/hw2/index.php:0
[21-Feb-2018 06:31:30 UTC] PHP Parse error:  syntax error, unexpected ''<div><a href="./">Play Again!' (T_ENCAPSED_AND_WHITESPACE) in /home/ubuntu/workspace/dsahuri-336/hw/hw2/game.php on line 52
[21-Feb-2018 06:31:30 UTC] PHP Stack trace:
[21-Feb-2018 06:31:30 UTC] PHP   1. {main}() /home/ubuntu/workspace/dsahuri-336/hw/hw2/index.php:0
[21-Feb-2018 06:31:49 UTC] PHP Fatal error:  Call to undefined function display_item() in /home/ubuntu/workspace/dsahuri-336/hw/hw2/game.php on line 54
[21-Feb-2018 06:31:49 UTC] PHP Stack trace:
[21-Feb-2018 06:31:49 UTC] PHP   1. {main}() /home/ubuntu/workspace/dsahuri-336/hw/hw2/index.php:0
[21-Feb-2018 06:31:49 UTC] PHP   2. game() /home/ubuntu/workspace/dsahuri-336/hw/hw2/index.php:11
[13-Mar-2018 20:11:00 UTC] PHP Parse error:  syntax error, unexpected '{' in /home/ubuntu/workspace/dsahuri-336/hw/hw3/functions.php on line 108
[14-Mar-2018 03:52:41 UTC] PHP Parse error:  syntax error, unexpected end of file in /home/ubuntu/workspace/dsahuri-336/hw/hw3.1/functions.php on line 130
[14-Mar-2018 03:54:14 UTC] PHP Parse error:  syntax error, unexpected end of file in /home/ubuntu/workspace/dsahuri-336/hw/hw3.1/functions.php on line 130
[14-Mar-2018 03:58:59 UTC] PHP Parse error:  syntax error, unexpected end of file in /home/ubuntu/workspace/dsahuri-336/hw/hw3.1/functions.php on line 130
[14-Mar-2018 08:16:19 UTC] PHP Parse error:  syntax error, unexpected '&&' (T_BOOLEAN_AND), expecting '(' in /home/ubuntu/workspace/dsahuri-336/hw/hw3.1/functions.php on line 118
